{
  "RSpec": {
    "coverage": {
      "/Users/CEO/Documents/Coding/MakersAcademy/Projects/Week10/Ruby/bank_tech/spec/account_spec.rb": [
        1,
        null,
        1,
        7,
        null,
        1,
        1,
        1,
        null,
        null,
        null,
        1,
        1,
        1,
        null,
        null,
        null,
        1,
        1,
        1,
        1,
        null,
        1,
        1,
        1,
        null,
        null,
        null,
        1,
        1,
        1,
        1,
        1,
        null,
        1,
        1,
        1,
        1,
        null,
        null,
        null
      ],
      "/Users/CEO/Documents/Coding/MakersAcademy/Projects/Week10/Ruby/bank_tech/lib/account.rb": [
        1,
        null,
        1,
        1,
        null,
        1,
        6,
        6,
        6,
        6,
        null,
        null,
        1,
        4,
        4,
        null,
        null,
        1,
        2,
        2,
        null,
        null
      ],
      "/Users/CEO/Documents/Coding/MakersAcademy/Projects/Week10/Ruby/bank_tech/lib/debit.rb": [
        null,
        1,
        1,
        null,
        1,
        5,
        5,
        5,
        null,
        null
      ],
      "/Users/CEO/Documents/Coding/MakersAcademy/Projects/Week10/Ruby/bank_tech/spec/credit_spec.rb": [
        1,
        null,
        1,
        1,
        3,
        null,
        1,
        1,
        1,
        null,
        1,
        1,
        null,
        1,
        1,
        null,
        null,
        null
      ],
      "/Users/CEO/Documents/Coding/MakersAcademy/Projects/Week10/Ruby/bank_tech/lib/credit.rb": [
        null,
        1,
        1,
        null,
        1,
        8,
        8,
        8,
        null,
        null
      ],
      "/Users/CEO/Documents/Coding/MakersAcademy/Projects/Week10/Ruby/bank_tech/spec/debit_spec.rb": [
        1,
        null,
        1,
        1,
        3,
        null,
        1,
        1,
        1,
        null,
        1,
        1,
        null,
        1,
        1,
        null,
        null,
        null
      ],
      "/Users/CEO/Documents/Coding/MakersAcademy/Projects/Week10/Ruby/bank_tech/spec/statement_spec.rb": [
        1,
        1,
        1,
        null,
        1,
        3,
        1,
        2,
        null,
        1,
        1,
        1,
        1,
        null,
        2,
        null,
        1,
        1,
        1,
        1,
        1,
        1,
        null,
        2,
        null,
        null,
        null
      ],
      "/Users/CEO/Documents/Coding/MakersAcademy/Projects/Week10/Ruby/bank_tech/lib/statement.rb": [
        null,
        1,
        1,
        2,
        2,
        null,
        null,
        1,
        null,
        1,
        2,
        null,
        null,
        1,
        2,
        2,
        1,
        null,
        1,
        null,
        null,
        null,
        null,
        1,
        1,
        null,
        null,
        1,
        1,
        null,
        null
      ]
    },
    "timestamp": 1524837747
  }
}
